<?xml version="1.0" encoding="UTF-8"?>
<testng-results ignored="0" total="1" passed="1" failed="0" skipped="0">
  <reporter-output>
  </reporter-output>
  <suite started-at="2023-12-20T10:11:48 IST" name="Suite" finished-at="2023-12-20T10:12:16 IST" duration-ms="27704">
    <groups>
    </groups>
    <test started-at="2023-12-20T10:11:48 IST" name="Test" finished-at="2023-12-20T10:12:16 IST" duration-ms="27704">
      <class name="TestCase.TC_01_LoginTestCase">
        <test-method is-config="true" signature="setup()[pri:0, instance:TestCase.TC_01_LoginTestCase@6253c26]" started-at="2023-12-20T10:11:48 IST" name="setup" finished-at="2023-12-20T10:11:55 IST" duration-ms="7350" status="PASS">
          <reporter-output>
          </reporter-output>
        </test-method> <!-- setup -->
        <test-method signature="loginTest()[pri:0, instance:TestCase.TC_01_LoginTestCase@6253c26]" started-at="2023-12-20T10:11:55 IST" name="loginTest" finished-at="2023-12-20T10:12:15 IST" duration-ms="19353" status="PASS">
          <reporter-output>
          </reporter-output>
        </test-method> <!-- loginTest -->
        <test-method is-config="true" signature="tearUp()[pri:0, instance:TestCase.TC_01_LoginTestCase@6253c26]" started-at="2023-12-20T10:12:15 IST" name="tearUp" finished-at="2023-12-20T10:12:16 IST" duration-ms="893" status="PASS">
          <reporter-output>
          </reporter-output>
        </test-method> <!-- tearUp -->
      </class> <!-- TestCase.TC_01_LoginTestCase -->
    </test> <!-- Test -->
  </suite> <!-- Suite -->
</testng-results>
